2020-12-04 15:23:08,057 WARN  [SoapUI] Missing folder [C:\Users\MerlinR\SOAP\ext] for external libraries
2020-12-04 15:23:08,318 INFO  [DefaultSoapUICore] initialized soapui-settings from [C:\Users\MerlinR\soapui-settings.xml]
2020-12-04 15:23:10,947 INFO  [WsdlProject] Loaded project from [file:/C:/Users/MerlinR/SOAP/Assignment-Soap-Automation-soapui-project.xml]
2020-12-04 15:23:11,554 INFO  [SoapUITestCaseRunner] Running SoapUI tests in project [Assignment-Soap_Automation]
2020-12-04 15:23:11,558 INFO  [SoapUITestCaseRunner] Running Project [Assignment-Soap_Automation], runType = SEQUENTIAL
2020-12-04 15:23:11,614 INFO  [SoapUITestCaseRunner] Running SoapUI testcase [GroovyScript]
2020-12-04 15:23:11,656 INFO  [SoapUITestCaseRunner] running step [Groovy Script]
2020-12-04 15:23:17,590 INFO  [log] SKU00001
2020-12-04 15:23:17,593 INFO  [log] com.eviware.soapui.support.XmlHolder@12ed564b
2020-12-04 15:23:17,602 INFO  [log] <soap:Envelope xmlns:soap="http://www.w3.org/2003/05/soap-envelope" xmlns:def="http://soap.upskills.in/soap/default?services=catalogProductRepositoryV1">
   <soap:Header/>
   <soap:Body>
      <def:catalogProductRepositoryV1GetRequest>
         <sku>SKU00001</sku>
      </def:catalogProductRepositoryV1GetRequest>
   </soap:Body>
</soap:Envelope>
2020-12-04 15:23:19,466 INFO  [log] <env:Envelope xmlns:env="http://www.w3.org/2003/05/soap-envelope" xmlns:ns1="http://soap.upskills.in/soap/default?services=catalogProductRepositoryV1">
   <env:Body>
      <ns1:catalogProductRepositoryV1DeleteByIdResponse>
         <result>true</result>
      </ns1:catalogProductRepositoryV1DeleteByIdResponse>
   </env:Body>
</env:Envelope>
2020-12-04 15:23:19,480 INFO  [SoapUITestCaseRunner] running step [getProTyList]
2020-12-04 15:23:22,027 INFO  [SoapUITestCaseRunner] Assertion [SOAP Response] has status VALID
2020-12-04 15:23:22,028 INFO  [SoapUITestCaseRunner] running step [ProRepSaveReq]
2020-12-04 15:23:24,424 INFO  [SoapUITestCaseRunner] Assertion [SOAP Response] has status VALID
2020-12-04 15:23:24,425 INFO  [SoapUITestCaseRunner] running step [getCatProRepoList]
2020-12-04 15:23:25,334 INFO  [SoapUITestCaseRunner] Assertion [SOAP Response] has status VALID
2020-12-04 15:23:25,334 INFO  [SoapUITestCaseRunner] running step [getCatProRepo]
2020-12-04 15:23:25,992 INFO  [SoapUITestCaseRunner] Assertion [SOAP Response] has status VALID
2020-12-04 15:23:25,992 INFO  [SoapUITestCaseRunner] running step [delCatProRepo]
2020-12-04 15:23:28,356 INFO  [log] <env:Envelope xmlns:env="http://www.w3.org/2003/05/soap-envelope" xmlns:ns1="http://soap.upskills.in/soap/default?services=catalogProductRepositoryV1">
   <env:Body>
      <ns1:catalogProductRepositoryV1DeleteByIdResponse>
         <result>true</result>
      </ns1:catalogProductRepositoryV1DeleteByIdResponse>
   </env:Body>
</env:Envelope>
2020-12-04 15:23:28,364 INFO  [SoapUITestCaseRunner] Assertion [SOAP Response] has status VALID
2020-12-04 15:23:28,365 INFO  [SoapUITestCaseRunner] Assertion [Script Assertion] has status VALID
2020-12-04 15:23:28,366 INFO  [SoapUITestCaseRunner] Finished running SoapUI testcase [GroovyScript], time taken: 16658ms, status: FINISHED
2020-12-04 15:23:28,379 INFO  [SoapUITestCaseRunner] Running SoapUI testcase [PropertyAndPropertyTransfer]
2020-12-04 15:23:28,381 INFO  [SoapUITestCaseRunner] running step [getProTyList]
2020-12-04 15:23:29,766 INFO  [SoapUITestCaseRunner] Assertion [SOAP Response] has status VALID
2020-12-04 15:23:29,768 INFO  [SoapUITestCaseRunner] running step [Properties]
2020-12-04 15:23:29,784 INFO  [SoapUITestCaseRunner] running step [ProRepSaveReq]
2020-12-04 15:23:31,081 INFO  [SoapUITestCaseRunner] Assertion [SOAP Response] has status VALID
2020-12-04 15:23:31,090 INFO  [SoapUITestCaseRunner] running step [getCatProRepoList]
2020-12-04 15:23:32,041 INFO  [SoapUITestCaseRunner] Assertion [SOAP Response] has status VALID
2020-12-04 15:23:32,043 INFO  [SoapUITestCaseRunner] running step [Property Transfer 1]
2020-12-04 15:23:32,063 INFO  [SoapUITestCaseRunner] running step [getCatProRepo]
2020-12-04 15:23:33,025 INFO  [log] <env:Envelope xmlns:env="http://www.w3.org/2003/05/soap-envelope" xmlns:xsd="http://www.w3.org/2001/XMLSchema" xmlns:ns1="http://soap.upskills.in/soap/default?services=catalogProductRepositoryV1">
   <env:Body>
      <ns1:catalogProductRepositoryV1GetResponse>
         <result>
            <id>12342037</id>
            <sku>SKU00001</sku>
            <name>MacBook Air Pro</name>
            <attributeSetId>4</attributeSetId>
            <price>100</price>
            <status>1</status>
            <visibility>4</visibility>
            <typeId>simple</typeId>
            <createdAt>2020-12-04 09:53:30</createdAt>
            <updatedAt>2020-12-04 09:53:30</updatedAt>
            <extensionAttributes>
               <websiteIds>
                  <item>1</item>
               </websiteIds>
            </extensionAttributes>
            <productLinks/>
            <options/>
            <mediaGalleryEntries/>
            <tierPrices/>
            <customAttributes>
               <item>
                  <attributeCode>options_container</attributeCode>
                  <value>container2</value>
               </item>
               <item>
                  <attributeCode>msrp_display_actual_price_type</attributeCode>
                  <value>0</value>
               </item>
               <item>
                  <attributeCode>url_key</attributeCode>
                  <value>macbook-air-pro</value>
               </item>
               <item>
                  <attributeCode>required_options</attributeCode>
                  <value>0</value>
               </item>
               <item>
                  <attributeCode>has_options</attributeCode>
                  <value>0</value>
               </item>
               <item>
                  <attributeCode>tax_class_id</attributeCode>
                  <value>2</value>
               </item>
               <item>
                  <attributeCode>category_ids</attributeCode>
                  <value/>
               </item>
            </customAttributes>
         </result>
      </ns1:catalogProductRepositoryV1GetResponse>
   </env:Body>
</env:Envelope>
2020-12-04 15:23:33,123 INFO  [log] SKU00001
2020-12-04 15:23:33,124 INFO  [SoapUITestCaseRunner] Assertion [SOAP Response] has status VALID
2020-12-04 15:23:33,125 INFO  [SoapUITestCaseRunner] Assertion [Script Assertion] has status VALID
2020-12-04 15:23:33,125 INFO  [SoapUITestCaseRunner] running step [Property Transfer]
2020-12-04 15:23:33,135 INFO  [SoapUITestCaseRunner] running step [delCatProRepo]
2020-12-04 15:23:35,355 INFO  [log] <env:Envelope xmlns:env="http://www.w3.org/2003/05/soap-envelope" xmlns:ns1="http://soap.upskills.in/soap/default?services=catalogProductRepositoryV1">
   <env:Body>
      <ns1:catalogProductRepositoryV1DeleteByIdResponse>
         <result>true</result>
      </ns1:catalogProductRepositoryV1DeleteByIdResponse>
   </env:Body>
</env:Envelope>
2020-12-04 15:23:35,365 INFO  [SoapUITestCaseRunner] Assertion [SOAP Response] has status VALID
2020-12-04 15:23:35,366 INFO  [SoapUITestCaseRunner] Assertion [Script Assertion] has status VALID
2020-12-04 15:23:35,373 INFO  [SoapUITestCaseRunner] Finished running SoapUI testcase [PropertyAndPropertyTransfer], time taken: 6945ms, status: FINISHED
2020-12-04 15:23:35,376 INFO  [SoapUITestCaseRunner] Running SoapUI testcase [PropertyAndPropertyExpansionAndGroovy]
2020-12-04 15:23:35,378 INFO  [SoapUITestCaseRunner] running step [getProTyList]
2020-12-04 15:23:36,072 INFO  [SoapUITestCaseRunner] Assertion [SOAP Response] has status VALID
2020-12-04 15:23:36,075 INFO  [SoapUITestCaseRunner] running step [Properties]
2020-12-04 15:23:36,084 INFO  [SoapUITestCaseRunner] running step [ProRepSaveReq]
2020-12-04 15:23:37,365 INFO  [SoapUITestCaseRunner] Assertion [SOAP Response] has status VALID
2020-12-04 15:23:37,366 INFO  [SoapUITestCaseRunner] running step [getCatProRepoList]
2020-12-04 15:23:38,653 INFO  [SoapUITestCaseRunner] Assertion [SOAP Response] has status VALID
2020-12-04 15:23:38,656 INFO  [SoapUITestCaseRunner] running step [getCatProRepo]
2020-12-04 15:23:39,587 INFO  [log] <env:Envelope xmlns:env="http://www.w3.org/2003/05/soap-envelope" xmlns:xsd="http://www.w3.org/2001/XMLSchema" xmlns:ns1="http://soap.upskills.in/soap/default?services=catalogProductRepositoryV1">
   <env:Body>
      <ns1:catalogProductRepositoryV1GetResponse>
         <result>
            <id>12342038</id>
            <sku>SKU00001</sku>
            <name>MacBook Air Pro</name>
            <attributeSetId>4</attributeSetId>
            <price>100</price>
            <status>1</status>
            <visibility>4</visibility>
            <typeId>simple</typeId>
            <createdAt>2020-12-04 09:53:36</createdAt>
            <updatedAt>2020-12-04 09:53:36</updatedAt>
            <extensionAttributes>
               <websiteIds>
                  <item>1</item>
               </websiteIds>
            </extensionAttributes>
            <productLinks/>
            <options/>
            <mediaGalleryEntries/>
            <tierPrices/>
            <customAttributes>
               <item>
                  <attributeCode>options_container</attributeCode>
                  <value>container2</value>
               </item>
               <item>
                  <attributeCode>msrp_display_actual_price_type</attributeCode>
                  <value>0</value>
               </item>
               <item>
                  <attributeCode>url_key</attributeCode>
                  <value>macbook-air-pro</value>
               </item>
               <item>
                  <attributeCode>required_options</attributeCode>
                  <value>0</value>
               </item>
               <item>
                  <attributeCode>has_options</attributeCode>
                  <value>0</value>
               </item>
               <item>
                  <attributeCode>tax_class_id</attributeCode>
                  <value>2</value>
               </item>
               <item>
                  <attributeCode>category_ids</attributeCode>
                  <value/>
               </item>
            </customAttributes>
         </result>
      </ns1:catalogProductRepositoryV1GetResponse>
   </env:Body>
</env:Envelope>
2020-12-04 15:23:39,708 INFO  [log] SKU00001
2020-12-04 15:23:39,712 INFO  [SoapUITestCaseRunner] Assertion [SOAP Response] has status VALID
2020-12-04 15:23:39,714 INFO  [SoapUITestCaseRunner] Assertion [Script Assertion] has status VALID
2020-12-04 15:23:39,715 INFO  [SoapUITestCaseRunner] running step [Groovy Script 2]
2020-12-04 15:23:39,760 INFO  [log] SKU00001
2020-12-04 15:23:39,766 INFO  [SoapUITestCaseRunner] running step [delCatProRepo]
2020-12-04 15:23:41,966 INFO  [log] <env:Envelope xmlns:env="http://www.w3.org/2003/05/soap-envelope" xmlns:ns1="http://soap.upskills.in/soap/default?services=catalogProductRepositoryV1">
   <env:Body>
      <ns1:catalogProductRepositoryV1DeleteByIdResponse>
         <result>true</result>
      </ns1:catalogProductRepositoryV1DeleteByIdResponse>
   </env:Body>
</env:Envelope>
2020-12-04 15:23:41,985 INFO  [SoapUITestCaseRunner] Assertion [SOAP Response] has status VALID
2020-12-04 15:23:41,987 INFO  [SoapUITestCaseRunner] Assertion [Script Assertion] has status VALID
2020-12-04 15:23:41,988 INFO  [SoapUITestCaseRunner] Finished running SoapUI testcase [PropertyAndPropertyExpansionAndGroovy], time taken: 6571ms, status: FINISHED
2020-12-04 15:23:41,989 INFO  [SoapUITestCaseRunner] Project [Assignment-Soap_Automation] finished with status [FINISHED] in 30400ms
